This file contains any messages produced by compilers while
running configure, to aid debugging if configure makes a mistake.

configure:556: checking for a BSD compatible install
configure:609: checking whether build environment is sane
configure:666: checking whether make sets ${MAKE}
configure:712: checking for working aclocal
configure:725: checking for working autoconf
configure:738: checking for working automake
configure:751: checking for working autoheader
configure:764: checking for working makeinfo
configure:790: checking host system type
configure:813: checking for gcc
configure:926: checking whether the C compiler (gcc  ) works
configure:942: gcc -o conftest    conftest.c  1>&5
configure:968: checking whether the C compiler (gcc  ) is a cross-compiler
configure:973: checking whether we are using GNU C
configure:1001: checking whether gcc accepts -g
configure:1055: checking for a BSD compatible install
configure:1110: checking for ranlib
configure:1138: checking how to run the C preprocessor
configure:1218: checking for ANSI C header files
configure:1325: checking for malloc.h
configure:1325: checking for strings.h
configure:1325: checking for unistd.h
configure:1364: checking for strdup
configure:1364: checking for strstr
configure:1364: checking for strchr
configure:1364: checking for erand48
configure:1364: checking for memset
configure:1364: checking for srand48
configure:1364: checking for lrand48
